Start testing: Nov 29 00:51 EST
----------------------------------------------------------
1/4 Testing: test_tradebook
1/4 Test: test_tradebook
Command: "/home/atul/projects/FusionMatchTrade/build/services/tradebook/test_tradebook"
Directory: /home/atul/projects/FusionMatchTrade/build/services/tradebook
"test_tradebook" start time: Nov 29 00:51 EST
Output:
----------------------------------------------------------
Event published: Trade TRD-1764395499-990113 booked at CORR-565707
tradebook test passed
<end of output>
Test time =   0.00 sec
----------------------------------------------------------
Test Passed.
"test_tradebook" end time: Nov 29 00:51 EST
"test_tradebook" time elapsed: 00:00:00
----------------------------------------------------------

2/4 Testing: test_matchengine
2/4 Test: test_matchengine
Command: "/home/atul/projects/FusionMatchTrade/build/services/matchengine/test_matchengine"
Directory: /home/atul/projects/FusionMatchTrade/build/services/matchengine
"test_matchengine" start time: Nov 29 00:51 EST
Output:
----------------------------------------------------------
TRADE: SYM | Qty: 10 | Price: $10.00 | Buyer: 1 | Seller: 2
matchengine test passed (trades=1)
<end of output>
Test time =   0.00 sec
----------------------------------------------------------
Test Passed.
"test_matchengine" end time: Nov 29 00:51 EST
"test_matchengine" time elapsed: 00:00:00
----------------------------------------------------------

3/4 Testing: test_orderbook
3/4 Test: test_orderbook
Command: "/home/atul/projects/FusionMatchTrade/build/services/matchengine/test_orderbook"
Directory: /home/atul/projects/FusionMatchTrade/build/services/matchengine
"test_orderbook" start time: Nov 29 00:51 EST
Output:
----------------------------------------------------------
Running main() from /usr/src/googletest/googletest/src/gtest_main.cc
[==========] Running 15 tests from 1 test suite.
[----------] Global test environment set-up.
[----------] 15 tests from OrderBookTest
[ RUN      ] OrderBookTest.Constructor
[       OK ] OrderBookTest.Constructor (0 ms)
[ RUN      ] OrderBookTest.AddSingleBuyOrder
[       OK ] OrderBookTest.AddSingleBuyOrder (0 ms)
[ RUN      ] OrderBookTest.AddSingleSellOrder
[       OK ] OrderBookTest.AddSingleSellOrder (0 ms)
[ RUN      ] OrderBookTest.AddMultipleBuyOrders
DEBUG: After AddMultipleBuyOrders

=== Order Book for AAPL ===

Asks (Sells):

--- Spread: $0.00 ---

Bids (Buys):
  $155.00 x 50.00
  $150.00 x 100.00
  $145.00 x 75.00

Last Trade: $0.00
Total Volume: 0.00
===========================

[       OK ] OrderBookTest.AddMultipleBuyOrders (0 ms)
[ RUN      ] OrderBookTest.AddMultipleSellOrders
DEBUG: After AddMultipleSellOrders

=== Order Book for AAPL ===

Asks (Sells):
  $165.00 x 75.00
  $160.00 x 100.00
  $155.00 x 50.00

--- Spread: $0.00 ---

Bids (Buys):

Last Trade: $0.00
Total Volume: 0.00
===========================

[       OK ] OrderBookTest.AddMultipleSellOrders (0 ms)
[ RUN      ] OrderBookTest.SimpleMatchBuyAgainstSell
[       OK ] OrderBookTest.SimpleMatchBuyAgainstSell (0 ms)
[ RUN      ] OrderBookTest.SimpleMatchSellAgainstBuy
[       OK ] OrderBookTest.SimpleMatchSellAgainstBuy (0 ms)
[ RUN      ] OrderBookTest.PriceImprovementForBuyer
[       OK ] OrderBookTest.PriceImprovementForBuyer (0 ms)
[ RUN      ] OrderBookTest.PriceImprovementForSeller
[       OK ] OrderBookTest.PriceImprovementForSeller (0 ms)
[ RUN      ] OrderBookTest.NoMatchDueToPrice
[       OK ] OrderBookTest.NoMatchDueToPrice (0 ms)
[ RUN      ] OrderBookTest.CompleteMatch
[       OK ] OrderBookTest.CompleteMatch (0 ms)
[ RUN      ] OrderBookTest.MultipleMatches
DEBUG: After MultipleMatches - Order Book

=== Order Book for AAPL ===

Asks (Sells):
  $152.00 x 20.00

--- Spread: $0.00 ---

Bids (Buys):

Last Trade: $152.00
Total Volume: 100.00
===========================

DEBUG: Trades (count=3)
  Trade[0] price=150.00 qty=30.00 buyId=4 sellId=1
  Trade[1] price=151.00 qty=40.00 buyId=4 sellId=2
  Trade[2] price=152.00 qty=30.00 buyId=4 sellId=3
[       OK ] OrderBookTest.MultipleMatches (0 ms)
[ RUN      ] OrderBookTest.CancelOrder
[       OK ] OrderBookTest.CancelOrder (0 ms)
[ RUN      ] OrderBookTest.GetOrderById
[       OK ] OrderBookTest.GetOrderById (0 ms)
[ RUN      ] OrderBookTest.WrongSymbol
[       OK ] OrderBookTest.WrongSymbol (0 ms)
[----------] 15 tests from OrderBookTest (0 ms total)

[----------] Global test environment tear-down
[==========] 15 tests from 1 test suite ran. (0 ms total)
[  PASSED  ] 15 tests.
<end of output>
Test time =   0.00 sec
----------------------------------------------------------
Test Passed.
"test_orderbook" end time: Nov 29 00:51 EST
"test_orderbook" time elapsed: 00:00:00
----------------------------------------------------------

4/4 Testing: test_forex_proto
4/4 Test: test_forex_proto
Command: "/home/atul/projects/FusionMatchTrade/build/services/forex/test_forex_proto"
Directory: /home/atul/projects/FusionMatchTrade/build/services/forex
"test_forex_proto" start time: Nov 29 00:51 EST
Output:
----------------------------------------------------------
forex proto test passed
<end of output>
Test time =   0.00 sec
----------------------------------------------------------
Test Passed.
"test_forex_proto" end time: Nov 29 00:51 EST
"test_forex_proto" time elapsed: 00:00:00
----------------------------------------------------------

End testing: Nov 29 00:51 EST
